{
  messageFormat: undefined,
  stringValue: '":622cd907f6026dbf7cad27ef"',
  kind: 'ObjectId',
  value: ':622cd907f6026dbf7cad27ef',
  path: '_id',
  reason: BSONTypeError: Argument passed in must be a string of 12 bytes or a string of 24 hex characters
      at new BSONTypeError (/root/dice-game/dice-game-api/node_modules/bson/src/error.ts:16:5)
      at new ObjectId (/root/dice-game/dice-game-api/node_modules/bson/src/objectid.ts:86:15)
      at castObjectId (/root/dice-game/dice-game-api/node_modules/mongoose/lib/cast/objectid.js:24:12)
      at ObjectId.cast (/root/dice-game/dice-game-api/node_modules/mongoose/lib/schema/objectid.js:247:12)
      at ObjectId.SchemaType.applySetters (/root/dice-game/dice-game-api/node_modules/mongoose/lib/schematype.js:1179:12)
      at ObjectId.SchemaType._castForQuery (/root/dice-game/dice-game-api/node_modules/mongoose/lib/schematype.js:1613:15)
      at ObjectId.SchemaType.castForQuery (/root/dice-game/dice-game-api/node_modules/mongoose/lib/schematype.js:1603:15)
      at ObjectId.SchemaType.castForQueryWrapper (/root/dice-game/dice-game-api/node_modules/mongoose/lib/schematype.js:1580:20)
      at cast (/root/dice-game/dice-game-api/node_modules/mongoose/lib/cast.js:344:32)
      at model.Query.Query.cast (/root/dice-game/dice-game-api/node_modules/mongoose/lib/query.js:5085:12),
  valueType: 'string',
  level: 'error',
  timestamp: '2022-03-12T17:42:37.454Z'
}
{ level: 'error', timestamp: '2022-03-12T19:37:33.378Z' }
{ level: 'error', timestamp: '2022-03-12T19:38:53.978Z' }
{
  ok: 0,
  code: 2,
  codeName: 'BadValue',
  level: 'error',
  timestamp: '2022-03-17T19:35:32.962Z'
}
{
  ok: 0,
  code: 2,
  codeName: 'BadValue',
  level: 'error',
  timestamp: '2022-03-17T19:36:24.027Z'
}
{
  ok: 0,
  code: 2,
  codeName: 'BadValue',
  level: 'error',
  timestamp: '2022-03-17T20:46:10.245Z'
}
{
  ok: 0,
  code: 2,
  codeName: 'BadValue',
  level: 'error',
  timestamp: '2022-03-17T20:46:21.869Z'
}
{ level: 'error', timestamp: '2022-03-22T19:24:42.835Z' }
{ level: 'error', timestamp: '2022-03-22T19:25:28.050Z' }
{ level: 'error', timestamp: '2022-03-22T19:27:01.781Z' }
{
  message: null,
  level: 'error',
  timestamp: '2022-03-23T17:55:30.421Z'
}
{
  message: null,
  level: 'error',
  timestamp: '2022-03-23T19:43:52.483Z'
}
{
  message: null,
  level: 'error',
  timestamp: '2022-03-23T19:43:52.485Z'
}
{
  message: null,
  level: 'error',
  timestamp: '2022-03-23T19:44:49.332Z'
}
{
  message: null,
  level: 'error',
  timestamp: '2022-03-23T19:44:49.335Z'
}
{
  message: null,
  level: 'error',
  timestamp: '2022-03-23T19:45:00.846Z'
}
{
  message: null,
  level: 'error',
  timestamp: '2022-03-23T19:45:00.848Z'
}
{ level: 'error', timestamp: '2022-03-23T19:59:10.835Z' }
{
  message: 'You cannot choose this figure',
  level: 'error',
  timestamp: '2022-03-23T20:03:36.375Z'
}
{
  message: 'You cannot choose this figure',
  level: 'error',
  timestamp: '2022-03-23T20:03:38.779Z'
}
{ level: 'error', timestamp: '2022-03-23T20:04:15.271Z' }
{ level: 'error', timestamp: '2022-03-23T20:04:31.797Z' }
{ level: 'error', timestamp: '2022-03-23T20:06:01.129Z' }
{ level: 'error', timestamp: '2022-03-23T20:06:20.220Z' }
{ level: 'error', timestamp: '2022-03-23T20:07:10.426Z' }
{ level: 'error', timestamp: '2022-03-23T20:07:28.992Z' }
{ level: 'error', timestamp: '2022-03-23T20:08:15.087Z' }
{ level: 'error', timestamp: '2022-03-23T20:09:27.737Z' }
{ level: 'error', timestamp: '2022-03-23T20:10:10.352Z' }
{ level: 'error', timestamp: '2022-03-23T20:11:31.623Z' }
{ level: 'error', timestamp: '2022-03-23T20:11:48.182Z' }
{ level: 'error', timestamp: '2022-03-23T20:12:03.759Z' }
{ level: 'error', timestamp: '2022-03-23T20:12:25.387Z' }
{ level: 'error', timestamp: '2022-03-23T20:13:23.609Z' }
{ level: 'error', timestamp: '2022-03-23T20:13:41.368Z' }
{ level: 'error', timestamp: '2022-03-23T20:14:17.375Z' }
{
  message: null,
  level: 'error',
  timestamp: '2022-03-23T20:29:41.069Z'
}
{
  message: 'You cannot choose this figure',
  level: 'error',
  timestamp: '2022-03-23T20:38:04.779Z'
}
