{
  message: 'Running on http://0.0.0.0:3000/api/v1/game',
  level: 'info',
  timestamp: '2022-03-06T12:59:04.406Z'
}
{ level: 'error', timestamp: '2022-03-06T12:59:14.462Z' }
{
  message: 'Running on http://0.0.0.0:3000/api/v1/game',
  level: 'info',
  timestamp: '2022-03-06T13:03:31.607Z'
}
{
  message: 'Running on http://0.0.0.0:3000/api/v1/game',
  level: 'info',
  timestamp: '2022-03-06T13:04:29.983Z'
}
{
  message: 'Running on http://0.0.0.0:3000/api/v1/game',
  level: 'info',
  timestamp: '2022-03-06T13:06:16.853Z'
}
{
  message: 'Running on http://0.0.0.0:3000/api/v1/game',
  level: 'info',
  timestamp: '2022-03-06T13:07:09.907Z'
}
{
  message: 'Running on http://0.0.0.0:3000/api/v1/game',
  level: 'info',
  timestamp: '2022-03-06T13:07:53.097Z'
}
{
  message: 'Running on http://0.0.0.0:3000/api/v1/game',
  level: 'info',
  timestamp: '2022-03-06T13:08:30.078Z'
}
{
  message: 'Running on http://0.0.0.0:3000/api/v1/game',
  level: 'info',
  timestamp: '2022-03-06T13:08:34.452Z'
}
{
  message: 'Running on http://0.0.0.0:3000/api/v1/game',
  level: 'info',
  timestamp: '2022-03-06T13:09:50.318Z'
}
{
  message: 'Running on http://0.0.0.0:3000/api/v1/game',
  level: 'info',
  timestamp: '2022-03-06T13:12:47.562Z'
}
{
  message: 'Running on http://0.0.0.0:3000/api/v1/game',
  level: 'info',
  timestamp: '2022-03-06T13:18:03.363Z'
}
{
  message: 'Running on http://0.0.0.0:3000/api/v1/game',
  level: 'info',
  timestamp: '2022-03-06T13:20:25.611Z'
}
{
  message: 'Running on http://0.0.0.0:3000/api/v1/game',
  level: 'info',
  timestamp: '2022-03-06T13:25:06.720Z'
}
{
  message: 'Running on http://0.0.0.0:3000/api/v1/game',
  level: 'info',
  timestamp: '2022-03-06T13:32:10.581Z'
}
{
  message: 'Running on http://0.0.0.0:3000/api/v1/game',
  level: 'info',
  timestamp: '2022-03-06T13:44:22.901Z'
}
{
  message: 'Running on http://127.0.0.1:3000/api/v1/game',
  level: 'info',
  timestamp: '2022-03-06T13:51:00.347Z'
}
{
  message: 'Running on http://127.0.0.1:3000/api/v1/game',
  level: 'info',
  timestamp: '2022-03-06T13:55:50.601Z'
}
{
  message: 'Running on http://127.0.0.1:3000/api/v1/game',
  level: 'info',
  timestamp: '2022-03-06T14:22:48.688Z'
}
{
  message: 'Running on http://127.0.0.1:3000/api/v1/game',
  level: 'info',
  timestamp: '2022-03-06T14:59:17.622Z'
}
{
  message: 'Running on http://127.0.0.1:3000/api/v1/game',
  level: 'info',
  timestamp: '2022-03-06T15:00:37.609Z'
}
{
  message: 'Running on http://127.0.0.1:3000/api/v1/game',
  level: 'info',
  timestamp: '2022-03-06T15:00:46.480Z'
}
{
  message: 'Running on http://127.0.0.1:3000/api/v1/game',
  level: 'info',
  timestamp: '2022-03-06T15:00:55.467Z'
}
{
  message: 'Running on http://127.0.0.1:3000/api/v1/game',
  level: 'info',
  timestamp: '2022-03-06T15:04:49.214Z'
}
{
  message: 'Running on http://127.0.0.1:3000/api/v1/game',
  level: 'info',
  timestamp: '2022-03-06T15:07:12.903Z'
}
{
  message: 'Running on http://127.0.0.1:3000/api/v1/game',
  level: 'info',
  timestamp: '2022-03-06T15:08:23.826Z'
}
{
  message: 'Running on http://127.0.0.1:3000/api/v1/game',
  level: 'info',
  timestamp: '2022-03-06T15:11:39.660Z'
}
{
  message: 'Running on http://127.0.0.1:3000/api/v1/game',
  level: 'info',
  timestamp: '2022-03-06T15:58:57.638Z'
}
{
  message: 'Running on http://127.0.0.1:3000/api/v1/game',
  level: 'info',
  timestamp: '2022-03-06T15:59:11.413Z'
}
{
  message: 'Running on http://127.0.0.1:3000/api/v1/game',
  level: 'info',
  timestamp: '2022-03-06T15:59:21.790Z'
}
{
  message: 'Running on http://127.0.0.1:3000/api/v1/game',
  level: 'info',
  timestamp: '2022-03-06T15:59:32.953Z'
}
{
  message: 'Running on http://127.0.0.1:3000/api/v1/game',
  level: 'info',
  timestamp: '2022-03-06T16:00:26.613Z'
}
{
  message: 'Running on http://127.0.0.1:3000/api/v1/game',
  level: 'info',
  timestamp: '2022-03-06T16:00:30.474Z'
}
{
  message: 'Running on http://127.0.0.1:3000/api/v1/game',
  level: 'info',
  timestamp: '2022-03-06T16:00:42.887Z'
}
{
  message: 'Running on http://127.0.0.1:3000/api/v1/game',
  level: 'info',
  timestamp: '2022-03-06T16:00:50.084Z'
}
{
  message: 'Running on http://127.0.0.1:3000/api/v1/game',
  level: 'info',
  timestamp: '2022-03-06T16:01:00.512Z'
}
{
  message: 'Running on http://127.0.0.1:3000/api/v1/game',
  level: 'info',
  timestamp: '2022-03-06T16:06:12.016Z'
}
{
  message: 'Running on http://127.0.0.1:3000/api/v1/game',
  level: 'info',
  timestamp: '2022-03-06T16:07:26.317Z'
}
{
  message: 'Running on http://127.0.0.1:3000/api/v1/game',
  level: 'info',
  timestamp: '2022-03-06T16:08:42.718Z'
}
{
  message: 'Running on http://127.0.0.1:3000/api/v1/game',
  level: 'info',
  timestamp: '2022-03-06T16:09:42.615Z'
}
{
  message: 'Running on http://127.0.0.1:3000/api/v1/game',
  level: 'info',
  timestamp: '2022-03-06T16:10:40.913Z'
}
{
  message: 'Running on http://127.0.0.1:3000/api/v1/game',
  level: 'info',
  timestamp: '2022-03-06T16:11:47.219Z'
}
{
  message: 'Running on http://127.0.0.1:3000/api/v1/game',
  level: 'info',
  timestamp: '2022-03-06T16:12:35.779Z'
}
{
  message: 'Running on http://127.0.0.1:3000/api/v1/game',
  level: 'info',
  timestamp: '2022-03-06T16:13:24.548Z'
}
{
  message: 'Running on http://127.0.0.1:3000/api/v1/game',
  level: 'info',
  timestamp: '2022-03-06T16:13:55.750Z'
}
{
  message: 'Running on http://127.0.0.1:3000/api/v1/game',
  level: 'info',
  timestamp: '2022-03-06T16:14:17.405Z'
}
{
  message: 'Running on http://127.0.0.1:3000/api/v1/game',
  level: 'info',
  timestamp: '2022-03-06T16:15:50.230Z'
}
{
  message: 'Running on http://127.0.0.1:3000/api/v1/game',
  level: 'info',
  timestamp: '2022-03-06T16:16:16.912Z'
}
{
  message: 'Running on http://127.0.0.1:3000/api/v1/game',
  level: 'info',
  timestamp: '2022-03-06T16:17:13.450Z'
}
{
  message: 'Running on http://127.0.0.1:3000/api/v1/game',
  level: 'info',
  timestamp: '2022-03-06T16:17:57.278Z'
}
{
  message: 'Running on http://127.0.0.1:3000/api/v1/game',
  level: 'info',
  timestamp: '2022-03-06T16:19:12.028Z'
}
{
  message: 'Running on http://127.0.0.1:3000/api/v1/game',
  level: 'info',
  timestamp: '2022-03-06T16:19:44.998Z'
}
{
  message: 'Running on http://127.0.0.1:3000/api/v1/game',
  level: 'info',
  timestamp: '2022-03-06T16:20:19.452Z'
}
{
  message: 'Running on http://127.0.0.1:3000/api/v1/game',
  level: 'info',
  timestamp: '2022-03-06T16:20:48.889Z'
}
{
  message: 'Running on http://127.0.0.1:3000/api/v1/game',
  level: 'info',
  timestamp: '2022-03-06T16:20:52.526Z'
}
{
  message: 'Running on http://127.0.0.1:3000/api/v1/game',
  level: 'info',
  timestamp: '2022-03-06T16:21:08.621Z'
}
{
  message: 'Running on http://127.0.0.1:3000/api/v1/game',
  level: 'info',
  timestamp: '2022-03-06T16:21:13.131Z'
}
{
  message: 'Running on http://127.0.0.1:3000/api/v1/game',
  level: 'info',
  timestamp: '2022-03-06T16:22:36.234Z'
}
{
  message: 'Running on http://127.0.0.1:3000/api/v1/game',
  level: 'info',
  timestamp: '2022-03-06T16:22:50.609Z'
}
{
  message: 'Running on http://127.0.0.1:3000/api/v1/game',
  level: 'info',
  timestamp: '2022-03-06T16:23:38.769Z'
}
{
  message: 'Running on http://127.0.0.1:3000/api/v1/game',
  level: 'info',
  timestamp: '2022-03-06T16:23:55.553Z'
}
{
  message: 'Running on http://127.0.0.1:3000/api/v1/game',
  level: 'info',
  timestamp: '2022-03-06T16:25:58.015Z'
}
{
  message: 'Running on http://127.0.0.1:3000/api/v1/game',
  level: 'info',
  timestamp: '2022-03-06T16:26:24.155Z'
}
{
  message: 'Running on http://127.0.0.1:3000/api/v1/game',
  level: 'info',
  timestamp: '2022-03-06T16:26:48.722Z'
}
{
  message: 'Running on http://127.0.0.1:3000/api/v1/game',
  level: 'info',
  timestamp: '2022-03-06T16:27:18.036Z'
}
{
  message: 'Running on http://127.0.0.1:3000/api/v1/game',
  level: 'info',
  timestamp: '2022-03-06T16:27:29.496Z'
}
{
  message: 'Running on http://127.0.0.1:3000/api/v1/game',
  level: 'info',
  timestamp: '2022-03-06T16:31:11.474Z'
}
{
  message: 'Running on http://127.0.0.1:3000/api/v1/game',
  level: 'info',
  timestamp: '2022-03-06T16:31:21.580Z'
}
{
  message: 'Running on http://127.0.0.1:3000/api/v1/game',
  level: 'info',
  timestamp: '2022-03-06T16:31:29.716Z'
}
{
  message: 'Running on http://127.0.0.1:3000/api/v1/game',
  level: 'info',
  timestamp: '2022-03-06T16:33:09.033Z'
}
{
  message: 'Running on http://127.0.0.1:3000/api/v1/game',
  level: 'info',
  timestamp: '2022-03-06T16:33:11.708Z'
}
{
  message: 'Running on http://127.0.0.1:3000/api/v1/game',
  level: 'info',
  timestamp: '2022-03-06T16:33:28.310Z'
}
{
  message: 'Running on http://127.0.0.1:3000/api/v1/game',
  level: 'info',
  timestamp: '2022-03-06T16:34:10.713Z'
}
{
  message: 'Running on http://127.0.0.1:3000/api/v1/game',
  level: 'info',
  timestamp: '2022-03-06T16:34:38.063Z'
}
{
  message: 'Running on http://127.0.0.1:3000/api/v1/game',
  level: 'info',
  timestamp: '2022-03-06T16:36:20.135Z'
}
{
  message: 'Running on http://127.0.0.1:3000/api/v1/game',
  level: 'info',
  timestamp: '2022-03-06T16:38:47.401Z'
}
{
  message: 'Running on http://127.0.0.1:3000/api/v1/game',
  level: 'info',
  timestamp: '2022-03-06T16:39:15.535Z'
}
{
  message: 'Running on http://127.0.0.1:3000/api/v1/game',
  level: 'info',
  timestamp: '2022-03-06T16:39:33.111Z'
}
{
  message: 'Running on http://127.0.0.1:3000/api/v1/game',
  level: 'info',
  timestamp: '2022-03-06T16:40:47.419Z'
}
{
  message: 'Running on http://127.0.0.1:3000/api/v1/game',
  level: 'info',
  timestamp: '2022-03-06T16:41:02.701Z'
}
{
  message: 'Running on http://127.0.0.1:3000/api/v1/game',
  level: 'info',
  timestamp: '2022-03-06T16:41:14.955Z'
}
{
  message: 'Running on http://127.0.0.1:3000/api/v1/game',
  level: 'info',
  timestamp: '2022-03-06T16:41:49.158Z'
}
{
  message: 'Running on http://127.0.0.1:3000/api/v1/game',
  level: 'info',
  timestamp: '2022-03-06T16:41:56.415Z'
}
{
  message: 'Running on http://127.0.0.1:3000/api/v1/game',
  level: 'info',
  timestamp: '2022-03-06T16:42:12.719Z'
}
{
  message: 'Running on http://127.0.0.1:3000/api/v1/game',
  level: 'info',
  timestamp: '2022-03-06T16:42:45.171Z'
}
{
  message: 'Running on http://127.0.0.1:3000/api/v1/game',
  level: 'info',
  timestamp: '2022-03-06T16:43:53.459Z'
}
{
  message: 'Running on http://127.0.0.1:3000/api/v1/game',
  level: 'info',
  timestamp: '2022-03-06T16:44:29.009Z'
}
{
  message: 'Running on http://127.0.0.1:3000/api/v1/game',
  level: 'info',
  timestamp: '2022-03-06T16:45:07.904Z'
}
{
  message: 'Running on http://127.0.0.1:3000/api/v1/game',
  level: 'info',
  timestamp: '2022-03-06T16:45:21.714Z'
}
{
  message: 'Running on http://127.0.0.1:3000/api/v1/game',
  level: 'info',
  timestamp: '2022-03-06T16:45:28.054Z'
}
{
  message: 'Running on http://127.0.0.1:3000/api/v1/game',
  level: 'info',
  timestamp: '2022-03-06T16:45:59.068Z'
}
{
  message: 'Running on http://127.0.0.1:3000/api/v1/game',
  level: 'info',
  timestamp: '2022-03-06T16:46:13.877Z'
}
{
  message: 'Running on http://127.0.0.1:3000/api/v1/game',
  level: 'info',
  timestamp: '2022-03-06T16:46:20.538Z'
}
{
  message: 'Running on http://127.0.0.1:3000/api/v1/game',
  level: 'info',
  timestamp: '2022-03-06T16:46:54.579Z'
}
{
  message: 'Running on http://127.0.0.1:3000/api/v1/game',
  level: 'info',
  timestamp: '2022-03-06T16:47:33.943Z'
}
{
  message: 'Running on http://127.0.0.1:3000/api/v1/game',
  level: 'info',
  timestamp: '2022-03-06T16:48:59.525Z'
}
{
  message: 'Running on http://127.0.0.1:3000/api/v1/game',
  level: 'info',
  timestamp: '2022-03-06T16:49:04.704Z'
}
{
  message: 'Running on http://127.0.0.1:3000/api/v1/game',
  level: 'info',
  timestamp: '2022-03-06T16:49:35.411Z'
}
{
  message: 'Running on http://127.0.0.1:3000/api/v1/game',
  level: 'info',
  timestamp: '2022-03-06T16:52:08.899Z'
}
{
  message: 'Running on http://127.0.0.1:3000/api/v1/game',
  level: 'info',
  timestamp: '2022-03-06T16:53:12.500Z'
}
{
  message: 'Running on http://127.0.0.1:3000/api/v1/game',
  level: 'info',
  timestamp: '2022-03-06T16:54:06.360Z'
}
{
  message: 'Running on http://127.0.0.1:3000/api/v1/game',
  level: 'info',
  timestamp: '2022-03-06T16:54:11.488Z'
}
{
  message: 'Running on http://127.0.0.1:3000/api/v1/game',
  level: 'info',
  timestamp: '2022-03-06T16:54:17.074Z'
}
{
  message: 'Running on http://127.0.0.1:3000/api/v1/game',
  level: 'info',
  timestamp: '2022-03-06T16:54:50.649Z'
}
{
  message: 'Running on http://127.0.0.1:3000/api/v1/game',
  level: 'info',
  timestamp: '2022-03-06T16:54:55.470Z'
}
{
  message: 'Running on http://127.0.0.1:3000/api/v1/game',
  level: 'info',
  timestamp: '2022-03-06T16:55:12.344Z'
}
{
  message: 'Running on http://127.0.0.1:3000/api/v1/game',
  level: 'info',
  timestamp: '2022-03-06T16:55:16.027Z'
}
{
  message: 'Running on http://127.0.0.1:3000/api/v1/game',
  level: 'info',
  timestamp: '2022-03-06T16:55:26.880Z'
}
{
  message: 'Running on http://127.0.0.1:3000/api/v1/game',
  level: 'info',
  timestamp: '2022-03-06T16:55:32.262Z'
}
{
  message: 'Running on http://127.0.0.1:3000/api/v1/game',
  level: 'info',
  timestamp: '2022-03-06T16:56:00.759Z'
}
{
  message: 'Running on http://127.0.0.1:3000/api/v1/game',
  level: 'info',
  timestamp: '2022-03-06T16:56:34.289Z'
}
{
  message: 'Running on http://127.0.0.1:3000/api/v1/game',
  level: 'info',
  timestamp: '2022-03-06T16:57:25.407Z'
}
{
  message: 'Running on http://127.0.0.1:3000/api/v1/game',
  level: 'info',
  timestamp: '2022-03-06T16:59:02.410Z'
}
{
  message: 'Running on http://127.0.0.1:3000/api/v1/game',
  level: 'info',
  timestamp: '2022-03-06T17:00:55.851Z'
}
{
  message: 'Running on http://127.0.0.1:3000/api/v1/game',
  level: 'info',
  timestamp: '2022-03-06T17:02:08.819Z'
}
{
  message: 'Running on http://127.0.0.1:3000/api/v1/game',
  level: 'info',
  timestamp: '2022-03-06T17:04:45.217Z'
}
{
  message: 'Running on http://127.0.0.1:3000/api/v1/game',
  level: 'info',
  timestamp: '2022-03-06T17:05:52.429Z'
}
{
  message: 'Running on http://127.0.0.1:3000/api/v1/game',
  level: 'info',
  timestamp: '2022-03-06T17:06:04.638Z'
}
{
  message: 'Running on http://127.0.0.1:3000/api/v1/game',
  level: 'info',
  timestamp: '2022-03-06T17:18:29.174Z'
}
{
  message: 'Running on http://127.0.0.1:3000/api/v1/game',
  level: 'info',
  timestamp: '2022-03-06T17:20:02.104Z'
}
{
  message: 'Running on http://127.0.0.1:3000/api/v1/game',
  level: 'info',
  timestamp: '2022-03-06T17:20:06.897Z'
}
{
  message: 'Running on http://127.0.0.1:3000/api/v1/game',
  level: 'info',
  timestamp: '2022-03-06T17:20:09.476Z'
}
{
  message: 'Running on http://127.0.0.1:3000/api/v1/game',
  level: 'info',
  timestamp: '2022-03-06T17:20:16.684Z'
}
{
  message: 'Running on http://127.0.0.1:3000/api/v1/game',
  level: 'info',
  timestamp: '2022-03-06T17:20:28.066Z'
}
{
  message: 'Running on http://127.0.0.1:3000/api/v1/game',
  level: 'info',
  timestamp: '2022-03-06T17:20:31.579Z'
}
{
  message: 'Running on http://127.0.0.1:3000/api/v1/game',
  level: 'info',
  timestamp: '2022-03-06T17:20:36.559Z'
}
{
  message: 'Running on http://127.0.0.1:3000/api/v1/game',
  level: 'info',
  timestamp: '2022-03-06T17:20:46.560Z'
}
{
  message: 'Running on http://127.0.0.1:3000/api/v1/game',
  level: 'info',
  timestamp: '2022-03-06T17:20:50.589Z'
}
{
  message: 'Running on http://127.0.0.1:3000/api/v1/game',
  level: 'info',
  timestamp: '2022-03-06T17:20:54.308Z'
}
{
  message: 'Running on http://127.0.0.1:3000/api/v1/game',
  level: 'info',
  timestamp: '2022-03-06T17:20:59.732Z'
}
{
  message: 'Running on http://127.0.0.1:3000/api/v1/game',
  level: 'info',
  timestamp: '2022-03-06T17:21:54.947Z'
}
{
  message: 'Running on http://127.0.0.1:3000/api/v1/game',
  level: 'info',
  timestamp: '2022-03-06T17:22:00.410Z'
}
{
  message: 'Running on http://127.0.0.1:3000/api/v1/game',
  level: 'info',
  timestamp: '2022-03-06T17:22:05.368Z'
}
{
  message: 'Running on http://127.0.0.1:3000/api/v1/game',
  level: 'info',
  timestamp: '2022-03-06T17:22:11.568Z'
}
{
  message: 'Running on http://127.0.0.1:3000/api/v1/game',
  level: 'info',
  timestamp: '2022-03-06T17:22:17.245Z'
}
{
  message: 'Running on http://127.0.0.1:3000/api/v1/game',
  level: 'info',
  timestamp: '2022-03-06T17:22:22.208Z'
}
{
  message: 'Running on http://127.0.0.1:3000/api/v1/game',
  level: 'info',
  timestamp: '2022-03-06T17:22:31.070Z'
}
{
  message: 'Running on http://127.0.0.1:3000/api/v1/game',
  level: 'info',
  timestamp: '2022-03-06T17:23:28.374Z'
}
{
  message: 'Running on http://127.0.0.1:3000/api/v1/game',
  level: 'info',
  timestamp: '2022-03-06T17:23:31.306Z'
}
{
  message: 'Running on http://127.0.0.1:3000/api/v1/game',
  level: 'info',
  timestamp: '2022-03-06T17:23:36.011Z'
}
{
  message: 'Running on http://127.0.0.1:3000/api/v1/game',
  level: 'info',
  timestamp: '2022-03-06T17:24:32.765Z'
}
{
  message: 'Running on http://127.0.0.1:3000/api/v1/game',
  level: 'info',
  timestamp: '2022-03-07T12:16:13.707Z'
}
{
  message: 'Running on http://127.0.0.1:3000/api/v1/game',
  level: 'info',
  timestamp: '2022-03-07T12:16:41.063Z'
}
{
  message: 'Running on http://127.0.0.1:3000/api/v1/game',
  level: 'info',
  timestamp: '2022-03-07T12:16:45.909Z'
}
{
  message: 'Running on http://127.0.0.1:3000/api/v1/game',
  level: 'info',
  timestamp: '2022-03-07T12:17:47.987Z'
}
{
  message: 'Running on http://127.0.0.1:3000/api/v1/game',
  level: 'info',
  timestamp: '2022-03-07T12:18:26.907Z'
}
{
  message: 'Running on http://127.0.0.1:3000/api/v1/game',
  level: 'info',
  timestamp: '2022-03-07T12:19:11.330Z'
}
{
  message: 'Running on http://127.0.0.1:3000/api/v1/game',
  level: 'info',
  timestamp: '2022-03-07T12:19:16.724Z'
}
{
  message: 'Running on http://127.0.0.1:3000/api/v1/game',
  level: 'info',
  timestamp: '2022-03-07T12:21:51.092Z'
}
{
  message: 'Running on http://127.0.0.1:3000/api/v1/game',
  level: 'info',
  timestamp: '2022-03-07T12:22:12.192Z'
}
{
  message: 'Running on http://127.0.0.1:3000/api/v1/game',
  level: 'info',
  timestamp: '2022-03-07T12:22:19.219Z'
}
{
  message: 'Running on http://127.0.0.1:3000/api/v1/game',
  level: 'info',
  timestamp: '2022-03-07T12:22:28.142Z'
}
{
  message: 'Running on http://127.0.0.1:3000/api/v1/game',
  level: 'info',
  timestamp: '2022-03-07T12:22:33.305Z'
}
{
  message: 'Running on http://127.0.0.1:3000/api/v1/game',
  level: 'info',
  timestamp: '2022-03-07T12:23:37.013Z'
}
{
  message: 'Running on http://127.0.0.1:3000/api/v1/game',
  level: 'info',
  timestamp: '2022-03-07T12:24:04.919Z'
}
{
  message: 'Running on http://127.0.0.1:3000/api/v1/game',
  level: 'info',
  timestamp: '2022-03-07T12:29:09.076Z'
}
{
  message: 'Running on http://127.0.0.1:3000/api/v1/game',
  level: 'info',
  timestamp: '2022-03-07T12:29:33.551Z'
}
{
  message: 'Running on http://127.0.0.1:3000/api/v1/game',
  level: 'info',
  timestamp: '2022-03-07T12:32:35.995Z'
}
{
  message: 'Running on http://127.0.0.1:3000/api/v1/game',
  level: 'info',
  timestamp: '2022-03-07T12:33:05.407Z'
}
{
  message: 'Running on http://127.0.0.1:3000/api/v1/game',
  level: 'info',
  timestamp: '2022-03-07T12:33:08.111Z'
}
{
  message: 'Running on http://127.0.0.1:3000/api/v1/game',
  level: 'info',
  timestamp: '2022-03-07T12:33:12.533Z'
}
{
  message: 'Running on http://127.0.0.1:3000/api/v1/game',
  level: 'info',
  timestamp: '2022-03-07T12:44:22.763Z'
}
{
  message: 'Running on http://127.0.0.1:3000/api/v1/game',
  level: 'info',
  timestamp: '2022-03-07T12:46:45.099Z'
}
{
  message: 'Running on http://127.0.0.1:3000/api/v1/game',
  level: 'info',
  timestamp: '2022-03-07T12:47:06.171Z'
}
{
  message: 'Running on http://127.0.0.1:3000/api/v1/game',
  level: 'info',
  timestamp: '2022-03-07T12:47:31.049Z'
}
{
  message: 'Running on http://127.0.0.1:3000/api/v1/game',
  level: 'info',
  timestamp: '2022-03-07T12:47:42.152Z'
}
{
  message: 'Running on http://127.0.0.1:3000/api/v1/game',
  level: 'info',
  timestamp: '2022-03-07T12:47:52.103Z'
}
{
  message: 'Running on http://127.0.0.1:3000/api/v1/game',
  level: 'info',
  timestamp: '2022-03-07T12:47:56.200Z'
}
{
  message: 'Running on http://127.0.0.1:3000/api/v1/game',
  level: 'info',
  timestamp: '2022-03-07T12:48:06.603Z'
}
{
  message: 'Running on http://127.0.0.1:3000/api/v1/game',
  level: 'info',
  timestamp: '2022-03-07T12:48:17.836Z'
}
{
  message: 'Running on http://127.0.0.1:3000/api/v1/game',
  level: 'info',
  timestamp: '2022-03-07T12:48:21.202Z'
}
{
  message: 'Running on http://127.0.0.1:3000/api/v1/game',
  level: 'info',
  timestamp: '2022-03-07T12:48:26.301Z'
}
{
  message: 'Running on http://127.0.0.1:3000/api/v1/game',
  level: 'info',
  timestamp: '2022-03-07T12:48:32.638Z'
}
{
  message: 'Running on http://127.0.0.1:3000/api/v1/game',
  level: 'info',
  timestamp: '2022-03-07T12:48:44.234Z'
}
{
  message: 'Running on http://127.0.0.1:3000/api/v1/game',
  level: 'info',
  timestamp: '2022-03-07T12:48:51.363Z'
}
{
  message: 'Running on http://127.0.0.1:3000/api/v1/game',
  level: 'info',
  timestamp: '2022-03-07T12:48:54.861Z'
}
{
  message: 'Running on http://127.0.0.1:3000/api/v1/game',
  level: 'info',
  timestamp: '2022-03-07T12:49:04.527Z'
}
{
  message: 'Running on http://127.0.0.1:3000/api/v1/game',
  level: 'info',
  timestamp: '2022-03-07T12:49:07.527Z'
}
{
  message: 'Running on http://127.0.0.1:3000/api/v1/game',
  level: 'info',
  timestamp: '2022-03-07T12:49:25.665Z'
}
{
  message: 'Request GET / not found. Redirect to /api/v1/game',
  level: 'info',
  timestamp: '2022-03-07T12:49:29.478Z'
}
{
  message: 'Request GET / not found. Redirect to /api/v1/game',
  level: 'info',
  timestamp: '2022-03-07T12:49:42.625Z'
}
{
  message: 'Running on http://127.0.0.1:3000/api/v1/game',
  level: 'info',
  timestamp: '2022-03-07T12:50:25.858Z'
}
{
  message: 'Running on http://127.0.0.1:3000/api/v1/game',
  level: 'info',
  timestamp: '2022-03-07T12:50:52.379Z'
}
{
  message: 'Running on http://127.0.0.1:3000/api/v1/game',
  level: 'info',
  timestamp: '2022-03-07T12:51:00.058Z'
}
{
  message: 'Request GET / not found. Redirect to /api/v1/game',
  level: 'info',
  timestamp: '2022-03-07T12:51:00.667Z'
}
{
  message: 'Running on http://127.0.0.1:3000/api/v1/game',
  level: 'info',
  timestamp: '2022-03-07T12:51:09.675Z'
}
{
  message: 'Running on http://127.0.0.1:3000/api/v1/game',
  level: 'info',
  timestamp: '2022-03-07T12:51:15.338Z'
}
{
  message: 'Running on http://127.0.0.1:3000/api/v1/game',
  level: 'info',
  timestamp: '2022-03-07T12:51:19.488Z'
}
{
  message: 'Running on http://127.0.0.1:3000/api/v1/game',
  level: 'info',
  timestamp: '2022-03-07T12:51:25.811Z'
}
{
  message: 'Running on http://127.0.0.1:3000/api/v1/game',
  level: 'info',
  timestamp: '2022-03-07T12:51:32.586Z'
}
{
  message: 'Running on http://127.0.0.1:3000/api/v1/game',
  level: 'info',
  timestamp: '2022-03-07T12:51:38.725Z'
}
{
  message: 'Running on http://127.0.0.1:3000/api/v1/game',
  level: 'info',
  timestamp: '2022-03-07T12:51:56.649Z'
}
{
  message: 'Running on http://127.0.0.1:3000/api/v1/game',
  level: 'info',
  timestamp: '2022-03-07T12:52:04.459Z'
}
{
  message: 'Running on http://127.0.0.1:3000/api/v1/game',
  level: 'info',
  timestamp: '2022-03-07T12:52:11.208Z'
}
{
  message: 'Running on http://127.0.0.1:3000/api/v1/game',
  level: 'info',
  timestamp: '2022-03-07T12:52:19.697Z'
}
{
  message: 'Running on http://127.0.0.1:3000/api/v1/game',
  level: 'info',
  timestamp: '2022-03-07T12:52:38.524Z'
}
{
  message: 'Running on http://127.0.0.1:3000/api/v1/game',
  level: 'info',
  timestamp: '2022-03-07T12:52:53.235Z'
}
{
  message: 'Running on http://127.0.0.1:3000/api/v1/game',
  level: 'info',
  timestamp: '2022-03-07T12:53:37.403Z'
}
{
  message: 'Running on http://127.0.0.1:3000/api/v1/game',
  level: 'info',
  timestamp: '2022-03-07T12:54:01.832Z'
}
{
  message: 'Running on http://127.0.0.1:3000/api/v1/game',
  level: 'info',
  timestamp: '2022-03-07T12:54:14.615Z'
}
{
  message: 'Running on http://127.0.0.1:3000/api/v1/game',
  level: 'info',
  timestamp: '2022-03-07T12:54:45.659Z'
}
{
  message: 'Running on http://127.0.0.1:3000/api/v1/game',
  level: 'info',
  timestamp: '2022-03-07T12:55:01.382Z'
}
{
  message: 'Running on http://127.0.0.1:3000/api/v1/game',
  level: 'info',
  timestamp: '2022-03-07T12:55:36.101Z'
}
{
  message: "User doesn't logged",
  level: 'info',
  timestamp: '2022-03-07T12:55:36.470Z'
}
{
  message: 'Running on http://127.0.0.1:3000/api/v1/game',
  level: 'info',
  timestamp: '2022-03-07T12:55:58.862Z'
}
{
  message: "User doesn't logged",
  level: 'info',
  timestamp: '2022-03-07T12:56:22.530Z'
}
{
  message: 'Running on http://127.0.0.1:3000/api/v1/game',
  level: 'info',
  timestamp: '2022-03-07T12:56:40.488Z'
}
{
  message: 'Running on http://127.0.0.1:3000/api/v1/game',
  level: 'info',
  timestamp: '2022-03-07T12:57:57.168Z'
}
{
  message: "User doesn't logged",
  level: 'info',
  timestamp: '2022-03-07T12:58:02.968Z'
}
{
  message: 'Running on http://127.0.0.1:3000/api/v1/game',
  level: 'info',
  timestamp: '2022-03-07T12:58:18.188Z'
}
{
  message: 'Running on http://127.0.0.1:3000/api/v1/game',
  level: 'info',
  timestamp: '2022-03-07T12:58:28.877Z'
}
{
  message: "User doesn't logged. Redirect to /login",
  level: 'info',
  timestamp: '2022-03-07T12:58:44.242Z'
}
{
  message: 'Running on http://127.0.0.1:3000/api/v1/game',
  level: 'info',
  timestamp: '2022-03-07T19:32:33.663Z'
}
{
  message: 'Running on http://127.0.0.1:3000/api/v1/game',
  level: 'info',
  timestamp: '2022-03-07T19:33:23.669Z'
}
{
  message: 'Running on http://localhost:3000/api/v1/game',
  level: 'info',
  timestamp: '2022-03-07T19:34:09.460Z'
}
{
  message: 'Running on http://localhost:3000/api/v1/game',
  level: 'info',
  timestamp: '2022-03-07T19:34:15.142Z'
}
{ level: 'error', timestamp: '2022-03-07T19:34:25.138Z' }
{
  message: "User doesn't logged. Redirect to /login",
  level: 'info',
  timestamp: '2022-03-07T19:34:27.934Z'
}
{
  message: 'Request GET / not found. Redirect to /api/v1/game',
  level: 'info',
  timestamp: '2022-03-07T19:34:34.063Z'
}
{
  message: 'Request GET /favicon.ico not found. Redirect to /api/v1/game',
  level: 'info',
  timestamp: '2022-03-07T19:34:34.249Z'
}
{
  message: 'Running on http://localhost:3000/api/v1/game',
  level: 'info',
  timestamp: '2022-03-07T19:34:48.880Z'
}
{ level: 'error', timestamp: '2022-03-07T19:34:58.872Z' }
{
  message: 'Running on http://localhost:3000/api/v1/game',
  level: 'info',
  timestamp: '2022-03-07T19:35:50.875Z'
}
{
  message: 'Running on http://localhost:3000/api/v1/game',
  level: 'info',
  timestamp: '2022-03-07T20:00:19.725Z'
}
{
  message: 'Running on http://localhost:3000/api/v1/game',
  level: 'info',
  timestamp: '2022-03-07T20:01:18.294Z'
}
{
  message: 'Database connection established successfully',
  level: 'info',
  timestamp: '2022-03-07T20:01:18.360Z'
}
{
  message: 'Save succes',
  level: 'info',
  timestamp: '2022-03-07T20:01:18.473Z'
}
{
  message: 'Request GET / not found. Redirect to /api/v1/game',
  level: 'info',
  timestamp: '2022-03-07T20:01:59.872Z'
}
{
  message: [
    {
      _id: new ObjectId("6226648e1d0566ba70c12323"),
      game: {
        mug: {
          dices: [
            { numberOfSides: 6, number: 1 },
            { numberOfSides: 6, number: 5 },
            { numberOfSides: 6, number: 3 },
            { numberOfSides: 6, number: 3 },
            { numberOfSides: 6, number: 4 }
          ],
          numberOfDices: 5
        }
      },
      __v: 0
    }
  ],
  level: 'info',
  timestamp: '2022-03-07T20:01:59.905Z'
}
{
  message: 'Request GET /favicon.ico not found. Redirect to /api/v1/game',
  level: 'info',
  timestamp: '2022-03-07T20:02:00.061Z'
}
{
  message: [
    {
      _id: new ObjectId("6226648e1d0566ba70c12323"),
      game: {
        mug: {
          dices: [
            { numberOfSides: 6, number: 1 },
            { numberOfSides: 6, number: 5 },
            { numberOfSides: 6, number: 3 },
            { numberOfSides: 6, number: 3 },
            { numberOfSides: 6, number: 4 }
          ],
          numberOfDices: 5
        }
      },
      __v: 0
    }
  ],
  level: 'info',
  timestamp: '2022-03-07T20:02:00.081Z'
}
{
  message: 'Running on http://localhost:3000/api/v1/game',
  level: 'info',
  timestamp: '2022-03-07T20:02:22.075Z'
}
{
  message: 'Database connection established successfully',
  level: 'info',
  timestamp: '2022-03-07T20:02:22.104Z'
}
{
  message: 'Save succes',
  level: 'info',
  timestamp: '2022-03-07T20:02:22.139Z'
}
{
  message: 'Running on http://localhost:3000/api/v1/game',
  level: 'info',
  timestamp: '2022-03-07T20:02:27.399Z'
}
{
  message: 'Database connection established successfully',
  level: 'info',
  timestamp: '2022-03-07T20:02:27.466Z'
}
{
  message: 'Save succes',
  level: 'info',
  timestamp: '2022-03-07T20:02:27.521Z'
}
{
  message: 'Running on http://localhost:3000/api/v1/game',
  level: 'info',
  timestamp: '2022-03-07T20:02:41.721Z'
}
{
  message: 'Database connection established successfully',
  level: 'info',
  timestamp: '2022-03-07T20:02:41.774Z'
}
{
  message: 'Save succes',
  level: 'info',
  timestamp: '2022-03-07T20:02:41.833Z'
}
{
  message: 'Running on http://localhost:3000/api/v1/game',
  level: 'info',
  timestamp: '2022-03-07T20:02:48.544Z'
}
{
  message: 'Database connection established successfully',
  level: 'info',
  timestamp: '2022-03-07T20:02:48.626Z'
}
{
  message: 'Save succes',
  level: 'info',
  timestamp: '2022-03-07T20:02:48.660Z'
}
{
  message: 'Request GET / not found. Redirect to /api/v1/game',
  level: 'info',
  timestamp: '2022-03-07T20:04:52.072Z'
}
{
  message: [
    {
      _id: new ObjectId("6226648e1d0566ba70c12323"),
      game: {
        mug: {
          dices: [
            { numberOfSides: 6, number: 1 },
            { numberOfSides: 6, number: 5 },
            { numberOfSides: 6, number: 3 },
            { numberOfSides: 6, number: 3 },
            { numberOfSides: 6, number: 4 }
          ],
          numberOfDices: 5
        }
      },
      __v: 0
    },
    {
      _id: new ObjectId("622664cd923c3fe6d1f3d8a1"),
      game: {
        mug: {
          dices: [
            { numberOfSides: 6, number: 3 },
            { numberOfSides: 6, number: 1 },
            { numberOfSides: 6, number: 3 },
            { numberOfSides: 6, number: 4 },
            { numberOfSides: 6, number: 2 }
          ],
          numberOfDices: 5
        }
      },
      __v: 0
    },
    {
      _id: new ObjectId("622664d367d1c14fcd6bb474"),
      game: {
        mug: {
          dices: [
            { numberOfSides: 6, number: 4 },
            { numberOfSides: 6, number: 5 },
            { numberOfSides: 6, number: 5 },
            { numberOfSides: 6, number: 5 },
            { numberOfSides: 6, number: 5 }
          ],
          numberOfDices: 5
        }
      },
      __v: 0
    },
    {
      _id: new ObjectId("622664e1a405adb100047d6f"),
      game: {
        mug: {
          dices: [
            { numberOfSides: 6, number: 4 },
            { numberOfSides: 6, number: 1 },
            { numberOfSides: 6, number: 4 },
            { numberOfSides: 6, number: 2 },
            { numberOfSides: 6, number: 2 }
          ],
          numberOfDices: 5
        }
      },
      __v: 0
    },
    {
      _id: new ObjectId("622664e8cdc309bb20d72101"),
      game: {
        mug: {
          dices: [
            { numberOfSides: 6, number: 1 },
            { numberOfSides: 6, number: 4 },
            { numberOfSides: 6, number: 1 },
            { numberOfSides: 6, number: 4 },
            { numberOfSides: 6, number: 2 }
          ],
          numberOfDices: 5
        }
      },
      __v: 0
    }
  ],
  level: 'info',
  timestamp: '2022-03-07T20:04:52.139Z'
}
{
  message: 'Request GET /favicon.ico not found. Redirect to /api/v1/game',
  level: 'info',
  timestamp: '2022-03-07T20:04:52.272Z'
}
{
  message: [
    {
      _id: new ObjectId("6226648e1d0566ba70c12323"),
      game: {
        mug: {
          dices: [
            { numberOfSides: 6, number: 1 },
            { numberOfSides: 6, number: 5 },
            { numberOfSides: 6, number: 3 },
            { numberOfSides: 6, number: 3 },
            { numberOfSides: 6, number: 4 }
          ],
          numberOfDices: 5
        }
      },
      __v: 0
    },
    {
      _id: new ObjectId("622664cd923c3fe6d1f3d8a1"),
      game: {
        mug: {
          dices: [
            { numberOfSides: 6, number: 3 },
            { numberOfSides: 6, number: 1 },
            { numberOfSides: 6, number: 3 },
            { numberOfSides: 6, number: 4 },
            { numberOfSides: 6, number: 2 }
          ],
          numberOfDices: 5
        }
      },
      __v: 0
    },
    {
      _id: new ObjectId("622664d367d1c14fcd6bb474"),
      game: {
        mug: {
          dices: [
            { numberOfSides: 6, number: 4 },
            { numberOfSides: 6, number: 5 },
            { numberOfSides: 6, number: 5 },
            { numberOfSides: 6, number: 5 },
            { numberOfSides: 6, number: 5 }
          ],
          numberOfDices: 5
        }
      },
      __v: 0
    },
    {
      _id: new ObjectId("622664e1a405adb100047d6f"),
      game: {
        mug: {
          dices: [
            { numberOfSides: 6, number: 4 },
            { numberOfSides: 6, number: 1 },
            { numberOfSides: 6, number: 4 },
            { numberOfSides: 6, number: 2 },
            { numberOfSides: 6, number: 2 }
          ],
          numberOfDices: 5
        }
      },
      __v: 0
    },
    {
      _id: new ObjectId("622664e8cdc309bb20d72101"),
      game: {
        mug: {
          dices: [
            { numberOfSides: 6, number: 1 },
            { numberOfSides: 6, number: 4 },
            { numberOfSides: 6, number: 1 },
            { numberOfSides: 6, number: 4 },
            { numberOfSides: 6, number: 2 }
          ],
          numberOfDices: 5
        }
      },
      __v: 0
    }
  ],
  level: 'info',
  timestamp: '2022-03-07T20:04:52.304Z'
}
{
  message: 'Running on http://localhost:3000/api/v1/game',
  level: 'info',
  timestamp: '2022-03-07T20:05:40.221Z'
}
{
  message: 'Database connection established successfully',
  level: 'info',
  timestamp: '2022-03-07T20:05:40.279Z'
}
{
  message: 'Save succes',
  level: 'info',
  timestamp: '2022-03-07T20:05:40.375Z'
}
{
  message: 'Running on http://localhost:3000/api/v1/game',
  level: 'info',
  timestamp: '2022-03-07T20:08:45.016Z'
}
{
  message: 'Database connection established successfully',
  level: 'info',
  timestamp: '2022-03-07T20:08:45.060Z'
}
{
  message: 'Running on http://localhost:3000/api/v1/game',
  level: 'info',
  timestamp: '2022-03-07T20:08:59.911Z'
}
{
  message: 'Database connection established successfully',
  level: 'info',
  timestamp: '2022-03-07T20:08:59.985Z'
}
{
  message: "User doesn't logged. Redirect to /login",
  level: 'info',
  timestamp: '2022-03-07T20:09:35.897Z'
}
{
  message: 'Request GET / not found. Redirect to /api/v1/game',
  level: 'info',
  timestamp: '2022-03-07T20:09:38.031Z'
}
{
  message: [
    {
      _id: new ObjectId("6226648e1d0566ba70c12323"),
      game: {
        mug: {
          dices: [
            { numberOfSides: 6, number: 1 },
            { numberOfSides: 6, number: 5 },
            { numberOfSides: 6, number: 3 },
            { numberOfSides: 6, number: 3 },
            { numberOfSides: 6, number: 4 }
          ],
          numberOfDices: 5
        }
      },
      __v: 0
    },
    {
      _id: new ObjectId("622664cd923c3fe6d1f3d8a1"),
      game: {
        mug: {
          dices: [
            { numberOfSides: 6, number: 3 },
            { numberOfSides: 6, number: 1 },
            { numberOfSides: 6, number: 3 },
            { numberOfSides: 6, number: 4 },
            { numberOfSides: 6, number: 2 }
          ],
          numberOfDices: 5
        }
      },
      __v: 0
    },
    {
      _id: new ObjectId("622664d367d1c14fcd6bb474"),
      game: {
        mug: {
          dices: [
            { numberOfSides: 6, number: 4 },
            { numberOfSides: 6, number: 5 },
            { numberOfSides: 6, number: 5 },
            { numberOfSides: 6, number: 5 },
            { numberOfSides: 6, number: 5 }
          ],
          numberOfDices: 5
        }
      },
      __v: 0
    },
    {
      _id: new ObjectId("622664e1a405adb100047d6f"),
      game: {
        mug: {
          dices: [
            { numberOfSides: 6, number: 4 },
            { numberOfSides: 6, number: 1 },
            { numberOfSides: 6, number: 4 },
            { numberOfSides: 6, number: 2 },
            { numberOfSides: 6, number: 2 }
          ],
          numberOfDices: 5
        }
      },
      __v: 0
    },
    {
      _id: new ObjectId("622664e8cdc309bb20d72101"),
      game: {
        mug: {
          dices: [
            { numberOfSides: 6, number: 1 },
            { numberOfSides: 6, number: 4 },
            { numberOfSides: 6, number: 1 },
            { numberOfSides: 6, number: 4 },
            { numberOfSides: 6, number: 2 }
          ],
          numberOfDices: 5
        }
      },
      __v: 0
    },
    {
      _id: new ObjectId("622665933e38867c71cf7bcc"),
      game: {
        mug: {
          dices: [
            { numberOfSides: 6, number: 4 },
            { numberOfSides: 6, number: 6 },
            { numberOfSides: 6, number: 4 },
            { numberOfSides: 6, number: 4 },
            { numberOfSides: 6, number: 1 }
          ],
          numberOfDices: 5
        }
      },
      __v: 0
    }
  ],
  level: 'info',
  timestamp: '2022-03-07T20:09:38.078Z'
}
{
  message: 'Request GET /favicon.ico not found. Redirect to /api/v1/game',
  level: 'info',
  timestamp: '2022-03-07T20:09:38.122Z'
}
{
  message: [
    {
      _id: new ObjectId("6226648e1d0566ba70c12323"),
      game: {
        mug: {
          dices: [
            { numberOfSides: 6, number: 1 },
            { numberOfSides: 6, number: 5 },
            { numberOfSides: 6, number: 3 },
            { numberOfSides: 6, number: 3 },
            { numberOfSides: 6, number: 4 }
          ],
          numberOfDices: 5
        }
      },
      __v: 0
    },
    {
      _id: new ObjectId("622664cd923c3fe6d1f3d8a1"),
      game: {
        mug: {
          dices: [
            { numberOfSides: 6, number: 3 },
            { numberOfSides: 6, number: 1 },
            { numberOfSides: 6, number: 3 },
            { numberOfSides: 6, number: 4 },
            { numberOfSides: 6, number: 2 }
          ],
          numberOfDices: 5
        }
      },
      __v: 0
    },
    {
      _id: new ObjectId("622664d367d1c14fcd6bb474"),
      game: {
        mug: {
          dices: [
            { numberOfSides: 6, number: 4 },
            { numberOfSides: 6, number: 5 },
            { numberOfSides: 6, number: 5 },
            { numberOfSides: 6, number: 5 },
            { numberOfSides: 6, number: 5 }
          ],
          numberOfDices: 5
        }
      },
      __v: 0
    },
    {
      _id: new ObjectId("622664e1a405adb100047d6f"),
      game: {
        mug: {
          dices: [
            { numberOfSides: 6, number: 4 },
            { numberOfSides: 6, number: 1 },
            { numberOfSides: 6, number: 4 },
            { numberOfSides: 6, number: 2 },
            { numberOfSides: 6, number: 2 }
          ],
          numberOfDices: 5
        }
      },
      __v: 0
    },
    {
      _id: new ObjectId("622664e8cdc309bb20d72101"),
      game: {
        mug: {
          dices: [
            { numberOfSides: 6, number: 1 },
            { numberOfSides: 6, number: 4 },
            { numberOfSides: 6, number: 1 },
            { numberOfSides: 6, number: 4 },
            { numberOfSides: 6, number: 2 }
          ],
          numberOfDices: 5
        }
      },
      __v: 0
    },
    {
      _id: new ObjectId("622665933e38867c71cf7bcc"),
      game: {
        mug: {
          dices: [
            { numberOfSides: 6, number: 4 },
            { numberOfSides: 6, number: 6 },
            { numberOfSides: 6, number: 4 },
            { numberOfSides: 6, number: 4 },
            { numberOfSides: 6, number: 1 }
          ],
          numberOfDices: 5
        }
      },
      __v: 0
    }
  ],
  level: 'info',
  timestamp: '2022-03-07T20:09:38.140Z'
}
{
  message: 'Running on http://localhost:3000/api/v1/game',
  level: 'info',
  timestamp: '2022-03-07T20:09:53.143Z'
}
{
  message: 'Database connection established successfully',
  level: 'info',
  timestamp: '2022-03-07T20:09:53.220Z'
}
{
  message: "User doesn't logged. Redirect to /login",
  level: 'info',
  timestamp: '2022-03-07T20:10:01.148Z'
}
{
  message: 'Request GET / not found. Redirect to /api/v1/game',
  level: 'info',
  timestamp: '2022-03-07T20:10:02.366Z'
}
{
  message: 'Request GET /favicon.ico not found. Redirect to /api/v1/game',
  level: 'info',
  timestamp: '2022-03-07T20:10:02.435Z'
}
{
  message: 'Request GET /favicon.ico not found. Redirect to /api/v1/game',
  level: 'info',
  timestamp: '2022-03-07T20:10:51.505Z'
}
{
  message: 'Running on http://localhost:3000/api/v1/game',
  level: 'info',
  timestamp: '2022-03-07T20:11:59.590Z'
}
{
  message: 'Database connection established successfully',
  level: 'info',
  timestamp: '2022-03-07T20:11:59.640Z'
}
{
  message: 'Running on http://localhost:3000/api/v1/game',
  level: 'info',
  timestamp: '2022-03-07T20:12:11.050Z'
}
{
  message: 'Database connection established successfully',
  level: 'info',
  timestamp: '2022-03-07T20:12:11.099Z'
}
{
  message: 'Running on http://localhost:3000/api/v1/game',
  level: 'info',
  timestamp: '2022-03-07T20:12:20.237Z'
}
{
  message: 'Database connection established successfully',
  level: 'info',
  timestamp: '2022-03-07T20:12:20.326Z'
}
{
  message: 'Running on http://localhost:3000/api/v1/game',
  level: 'info',
  timestamp: '2022-03-07T20:12:27.681Z'
}
{
  message: 'Database connection established successfully',
  level: 'info',
  timestamp: '2022-03-07T20:12:27.748Z'
}
{
  message: 'Running on http://localhost:3000/api/v1/game',
  level: 'info',
  timestamp: '2022-03-07T20:18:55.924Z'
}
{
  message: 'Database connection established successfully',
  level: 'info',
  timestamp: '2022-03-07T20:18:56.030Z'
}
{
  message: "User doesn't logged. Redirect to /login",
  level: 'info',
  timestamp: '2022-03-07T20:19:05.098Z'
}
{
  message: "User doesn't logged. Redirect to /login",
  level: 'info',
  timestamp: '2022-03-07T20:19:23.009Z'
}
{
  message: 'Running on http://localhost:3000/api/v1/game',
  level: 'info',
  timestamp: '2022-03-07T20:20:09.198Z'
}
{
  message: 'Database connection established successfully',
  level: 'info',
  timestamp: '2022-03-07T20:20:09.227Z'
}
{
  message: 'Running on http://localhost:3000/api/v1/game',
  level: 'info',
  timestamp: '2022-03-07T20:20:18.078Z'
}
{
  message: 'Database connection established successfully',
  level: 'info',
  timestamp: '2022-03-07T20:20:18.129Z'
}
{
  message: "User doesn't logged. Redirect to /login",
  level: 'info',
  timestamp: '2022-03-07T20:20:42.556Z'
}
{
  message: 'Request GET / not found. Redirect to /api/v1/game',
  level: 'info',
  timestamp: '2022-03-07T20:20:43.977Z'
}
{
  message: 'Request GET /favicon.ico not found. Redirect to /api/v1/game',
  level: 'info',
  timestamp: '2022-03-07T20:20:44.046Z'
}
{
  message: 'Request GET /favicon.ico not found. Redirect to /api/v1/game',
  level: 'info',
  timestamp: '2022-03-07T20:21:12.483Z'
}
{
  message: 'Running on http://localhost:3000/api/v1/game',
  level: 'info',
  timestamp: '2022-03-07T20:22:32.495Z'
}
{
  message: 'Database connection established successfully',
  level: 'info',
  timestamp: '2022-03-07T20:22:32.533Z'
}
{
  message: 'Running on http://localhost:3000/api/v1/game',
  level: 'info',
  timestamp: '2022-03-07T20:22:39.472Z'
}
{
  message: 'Database connection established successfully',
  level: 'info',
  timestamp: '2022-03-07T20:22:39.543Z'
}
{
  message: 'Running on http://localhost:3000/api/v1/game',
  level: 'info',
  timestamp: '2022-03-07T20:23:04.717Z'
}
{
  message: 'Database connection established successfully',
  level: 'info',
  timestamp: '2022-03-07T20:23:04.771Z'
}
{
  message: 'Running on http://localhost:3000/api/v1/game',
  level: 'info',
  timestamp: '2022-03-07T20:23:30.809Z'
}
{
  message: 'Database connection established successfully',
  level: 'info',
  timestamp: '2022-03-07T20:23:30.869Z'
}
{
  message: 'Running on http://localhost:3000/api/v1/game',
  level: 'info',
  timestamp: '2022-03-07T20:23:35.678Z'
}
{
  message: 'Database connection established successfully',
  level: 'info',
  timestamp: '2022-03-07T20:23:35.758Z'
}
{
  message: 'Running on http://localhost:3000/api/v1/game',
  level: 'info',
  timestamp: '2022-03-07T20:23:39.311Z'
}
{
  message: 'Database connection established successfully',
  level: 'info',
  timestamp: '2022-03-07T20:23:39.378Z'
}
{
  message: 'Running on http://localhost:3000/api/v1/game',
  level: 'info',
  timestamp: '2022-03-07T20:25:13.493Z'
}
{
  message: 'Database connection established successfully',
  level: 'info',
  timestamp: '2022-03-07T20:25:13.566Z'
}
{
  message: 'Running on http://localhost:3000/api/v1/game',
  level: 'info',
  timestamp: '2022-03-07T20:27:51.970Z'
}
{
  message: 'Database connection established successfully',
  level: 'info',
  timestamp: '2022-03-07T20:27:52.102Z'
}
{
  message: 'Running on http://localhost:3000/api/v1/game',
  level: 'info',
  timestamp: '2022-03-07T20:27:58.086Z'
}
{
  message: 'Database connection established successfully',
  level: 'info',
  timestamp: '2022-03-07T20:27:58.130Z'
}
{
  message: 'Running on http://localhost:3000/api/v1/game',
  level: 'info',
  timestamp: '2022-03-07T20:28:04.160Z'
}
{
  message: 'Database connection established successfully',
  level: 'info',
  timestamp: '2022-03-07T20:28:04.221Z'
}
{
  message: 'Running on http://localhost:3000/api/v1/game',
  level: 'info',
  timestamp: '2022-03-07T20:28:07.079Z'
}
{
  message: 'Database connection established successfully',
  level: 'info',
  timestamp: '2022-03-07T20:28:07.115Z'
}
{
  message: "User doesn't logged. Redirect to /login",
  level: 'info',
  timestamp: '2022-03-07T20:28:11.375Z'
}
{
  message: 'Request GET / not found. Redirect to /api/v1/game',
  level: 'info',
  timestamp: '2022-03-07T20:28:12.919Z'
}
{
  message: 'Request GET /favicon.ico not found. Redirect to /api/v1/game',
  level: 'info',
  timestamp: '2022-03-07T20:28:13.064Z'
}
{
  message: 'Running on http://localhost:3000/api/v1/game',
  level: 'info',
  timestamp: '2022-03-07T20:28:19.403Z'
}
{
  message: 'Database connection established successfully',
  level: 'info',
  timestamp: '2022-03-07T20:28:19.447Z'
}
{
  message: 'Running on http://localhost:3000/api/v1/game',
  level: 'info',
  timestamp: '2022-03-07T20:28:28.861Z'
}
{
  message: 'Database connection established successfully',
  level: 'info',
  timestamp: '2022-03-07T20:28:28.910Z'
}
{
  message: "User doesn't logged. Redirect to /login",
  level: 'info',
  timestamp: '2022-03-07T20:28:38.903Z'
}
{
  message: undefined,
  level: 'info',
  timestamp: '2022-03-07T20:28:39.333Z'
}
{
  message: 'Request GET / not found. Redirect to /api/v1/game',
  level: 'info',
  timestamp: '2022-03-07T20:28:40.119Z'
}
{
  message: 'Request GET /favicon.ico not found. Redirect to /api/v1/game',
  level: 'info',
  timestamp: '2022-03-07T20:28:40.213Z'
}
{
  message: 'Running on http://localhost:3000/api/v1/game',
  level: 'info',
  timestamp: '2022-03-07T20:29:01.930Z'
}
{
  message: 'Database connection established successfully',
  level: 'info',
  timestamp: '2022-03-07T20:29:01.992Z'
}
{
  message: 'Running on http://localhost:3000/api/v1/game',
  level: 'info',
  timestamp: '2022-03-07T20:29:33.144Z'
}
{
  message: 'Database connection established successfully',
  level: 'info',
  timestamp: '2022-03-07T20:29:33.213Z'
}
{
  message: 'Running on http://localhost:3000/api/v1/game',
  level: 'info',
  timestamp: '2022-03-07T20:29:40.413Z'
}
{
  message: 'Database connection established successfully',
  level: 'info',
  timestamp: '2022-03-07T20:29:40.515Z'
}
{
  message: "User doesn't logged. Redirect to /login",
  level: 'info',
  timestamp: '2022-03-07T20:29:42.196Z'
}
{
  message: undefined,
  level: 'info',
  timestamp: '2022-03-07T20:29:42.780Z'
}
{
  message: {
    displayName: 'bartek.lenart95@gmail.com',
    id: 'auth0|6224b5c30eac08007061fa31',
    user_id: 'auth0|6224b5c30eac08007061fa31',
    provider: 'auth0',
    name: {},
    emails: [ { value: 'bartek.lenart95@gmail.com' } ],
    picture: 'https://s.gravatar.com/avatar/26b5b90364db2e73517c7be180f83ad5?s=480&r=pg&d=https%3A%2F%2Fcdn.auth0.com%2Favatars%2Fba.png',
    nickname: 'bartek.lenart95',
    _json: {
      sub: 'auth0|6224b5c30eac08007061fa31',
      nickname: 'bartek.lenart95',
      name: 'bartek.lenart95@gmail.com',
      picture: 'https://s.gravatar.com/avatar/26b5b90364db2e73517c7be180f83ad5?s=480&r=pg&d=https%3A%2F%2Fcdn.auth0.com%2Favatars%2Fba.png',
      updated_at: '2022-03-07T20:04:52.386Z',
      email: 'bartek.lenart95@gmail.com',
      email_verified: true
    },
    _raw: '{"sub":"auth0|6224b5c30eac08007061fa31","nickname":"bartek.lenart95","name":"bartek.lenart95@gmail.com","picture":"https://s.gravatar.com/avatar/26b5b90364db2e73517c7be180f83ad5?s=480&r=pg&d=https%3A%2F%2Fcdn.auth0.com%2Favatars%2Fba.png","updated_at":"2022-03-07T20:04:52.386Z","email":"bartek.lenart95@gmail.com","email_verified":true}'
  },
  level: 'info',
  timestamp: '2022-03-07T20:29:43.505Z'
}
{
  message: 'Request GET / not found. Redirect to /api/v1/game',
  level: 'info',
  timestamp: '2022-03-07T20:29:43.507Z'
}
{
  message: {
    displayName: 'bartek.lenart95@gmail.com',
    id: 'auth0|6224b5c30eac08007061fa31',
    user_id: 'auth0|6224b5c30eac08007061fa31',
    provider: 'auth0',
    name: {},
    emails: [ { value: 'bartek.lenart95@gmail.com' } ],
    picture: 'https://s.gravatar.com/avatar/26b5b90364db2e73517c7be180f83ad5?s=480&r=pg&d=https%3A%2F%2Fcdn.auth0.com%2Favatars%2Fba.png',
    nickname: 'bartek.lenart95',
    _json: {
      sub: 'auth0|6224b5c30eac08007061fa31',
      nickname: 'bartek.lenart95',
      name: 'bartek.lenart95@gmail.com',
      picture: 'https://s.gravatar.com/avatar/26b5b90364db2e73517c7be180f83ad5?s=480&r=pg&d=https%3A%2F%2Fcdn.auth0.com%2Favatars%2Fba.png',
      updated_at: '2022-03-07T20:04:52.386Z',
      email: 'bartek.lenart95@gmail.com',
      email_verified: true
    },
    _raw: '{"sub":"auth0|6224b5c30eac08007061fa31","nickname":"bartek.lenart95","name":"bartek.lenart95@gmail.com","picture":"https://s.gravatar.com/avatar/26b5b90364db2e73517c7be180f83ad5?s=480&r=pg&d=https%3A%2F%2Fcdn.auth0.com%2Favatars%2Fba.png","updated_at":"2022-03-07T20:04:52.386Z","email":"bartek.lenart95@gmail.com","email_verified":true}'
  },
  level: 'info',
  timestamp: '2022-03-07T20:29:43.516Z'
}
{
  message: {
    displayName: 'bartek.lenart95@gmail.com',
    id: 'auth0|6224b5c30eac08007061fa31',
    user_id: 'auth0|6224b5c30eac08007061fa31',
    provider: 'auth0',
    name: {},
    emails: [ { value: 'bartek.lenart95@gmail.com' } ],
    picture: 'https://s.gravatar.com/avatar/26b5b90364db2e73517c7be180f83ad5?s=480&r=pg&d=https%3A%2F%2Fcdn.auth0.com%2Favatars%2Fba.png',
    nickname: 'bartek.lenart95',
    _json: {
      sub: 'auth0|6224b5c30eac08007061fa31',
      nickname: 'bartek.lenart95',
      name: 'bartek.lenart95@gmail.com',
      picture: 'https://s.gravatar.com/avatar/26b5b90364db2e73517c7be180f83ad5?s=480&r=pg&d=https%3A%2F%2Fcdn.auth0.com%2Favatars%2Fba.png',
      updated_at: '2022-03-07T20:04:52.386Z',
      email: 'bartek.lenart95@gmail.com',
      email_verified: true
    },
    _raw: '{"sub":"auth0|6224b5c30eac08007061fa31","nickname":"bartek.lenart95","name":"bartek.lenart95@gmail.com","picture":"https://s.gravatar.com/avatar/26b5b90364db2e73517c7be180f83ad5?s=480&r=pg&d=https%3A%2F%2Fcdn.auth0.com%2Favatars%2Fba.png","updated_at":"2022-03-07T20:04:52.386Z","email":"bartek.lenart95@gmail.com","email_verified":true}'
  },
  level: 'info',
  timestamp: '2022-03-07T20:29:43.590Z'
}
{
  message: 'Request GET /favicon.ico not found. Redirect to /api/v1/game',
  level: 'info',
  timestamp: '2022-03-07T20:29:43.592Z'
}
{
  message: {
    displayName: 'bartek.lenart95@gmail.com',
    id: 'auth0|6224b5c30eac08007061fa31',
    user_id: 'auth0|6224b5c30eac08007061fa31',
    provider: 'auth0',
    name: {},
    emails: [ { value: 'bartek.lenart95@gmail.com' } ],
    picture: 'https://s.gravatar.com/avatar/26b5b90364db2e73517c7be180f83ad5?s=480&r=pg&d=https%3A%2F%2Fcdn.auth0.com%2Favatars%2Fba.png',
    nickname: 'bartek.lenart95',
    _json: {
      sub: 'auth0|6224b5c30eac08007061fa31',
      nickname: 'bartek.lenart95',
      name: 'bartek.lenart95@gmail.com',
      picture: 'https://s.gravatar.com/avatar/26b5b90364db2e73517c7be180f83ad5?s=480&r=pg&d=https%3A%2F%2Fcdn.auth0.com%2Favatars%2Fba.png',
      updated_at: '2022-03-07T20:04:52.386Z',
      email: 'bartek.lenart95@gmail.com',
      email_verified: true
    },
    _raw: '{"sub":"auth0|6224b5c30eac08007061fa31","nickname":"bartek.lenart95","name":"bartek.lenart95@gmail.com","picture":"https://s.gravatar.com/avatar/26b5b90364db2e73517c7be180f83ad5?s=480&r=pg&d=https%3A%2F%2Fcdn.auth0.com%2Favatars%2Fba.png","updated_at":"2022-03-07T20:04:52.386Z","email":"bartek.lenart95@gmail.com","email_verified":true}'
  },
  level: 'info',
  timestamp: '2022-03-07T20:29:43.609Z'
}
{
  message: 'Running on http://localhost:3000/api/v1/game',
  level: 'info',
  timestamp: '2022-03-07T20:34:06.635Z'
}
{
  message: 'Database connection established successfully',
  level: 'info',
  timestamp: '2022-03-07T20:34:06.723Z'
}
{
  message: 'Running on http://localhost:3000/api/v1/game',
  level: 'info',
  timestamp: '2022-03-07T20:34:09.848Z'
}
{
  message: 'Database connection established successfully',
  level: 'info',
  timestamp: '2022-03-07T20:34:09.888Z'
}
{
  message: 'Running on http://localhost:3000/api/v1/game',
  level: 'info',
  timestamp: '2022-03-07T20:34:27.246Z'
}
{
  message: 'Database connection established successfully',
  level: 'info',
  timestamp: '2022-03-07T20:34:27.326Z'
}
{
  message: 'Running on http://localhost:3000/api/v1/game',
  level: 'info',
  timestamp: '2022-03-07T20:34:55.852Z'
}
{
  message: 'Database connection established successfully',
  level: 'info',
  timestamp: '2022-03-07T20:34:55.898Z'
}
{
  message: 'Running on http://localhost:3000/api/v1/game',
  level: 'info',
  timestamp: '2022-03-07T20:35:19.835Z'
}
{
  message: 'Database connection established successfully',
  level: 'info',
  timestamp: '2022-03-07T20:35:19.883Z'
}
{
  message: 'Running on http://localhost:3000/api/v1/game',
  level: 'info',
  timestamp: '2022-03-07T20:37:39.560Z'
}
{
  message: 'Database connection established successfully',
  level: 'info',
  timestamp: '2022-03-07T20:37:39.622Z'
}
{
  message: "User doesn't logged. Redirect to /login",
  level: 'info',
  timestamp: '2022-03-07T20:37:43.656Z'
}
{
  message: undefined,
  level: 'info',
  timestamp: '2022-03-07T20:37:44.314Z'
}
{
  message: {
    displayName: 'bartek.lenart95@gmail.com',
    id: 'auth0|6224b5c30eac08007061fa31',
    user_id: 'auth0|6224b5c30eac08007061fa31',
    provider: 'auth0',
    name: {},
    emails: [ { value: 'bartek.lenart95@gmail.com' } ],
    picture: 'https://s.gravatar.com/avatar/26b5b90364db2e73517c7be180f83ad5?s=480&r=pg&d=https%3A%2F%2Fcdn.auth0.com%2Favatars%2Fba.png',
    nickname: 'bartek.lenart95',
    _json: {
      sub: 'auth0|6224b5c30eac08007061fa31',
      nickname: 'bartek.lenart95',
      name: 'bartek.lenart95@gmail.com',
      picture: 'https://s.gravatar.com/avatar/26b5b90364db2e73517c7be180f83ad5?s=480&r=pg&d=https%3A%2F%2Fcdn.auth0.com%2Favatars%2Fba.png',
      updated_at: '2022-03-07T20:04:52.386Z',
      email: 'bartek.lenart95@gmail.com',
      email_verified: true
    },
    _raw: '{"sub":"auth0|6224b5c30eac08007061fa31","nickname":"bartek.lenart95","name":"bartek.lenart95@gmail.com","picture":"https://s.gravatar.com/avatar/26b5b90364db2e73517c7be180f83ad5?s=480&r=pg&d=https%3A%2F%2Fcdn.auth0.com%2Favatars%2Fba.png","updated_at":"2022-03-07T20:04:52.386Z","email":"bartek.lenart95@gmail.com","email_verified":true}'
  },
  level: 'info',
  timestamp: '2022-03-07T20:37:45.076Z'
}
{
  message: 'Request GET / not found. Redirect to /api/v1/game',
  level: 'info',
  timestamp: '2022-03-07T20:37:45.079Z'
}
{
  message: {
    displayName: 'bartek.lenart95@gmail.com',
    id: 'auth0|6224b5c30eac08007061fa31',
    user_id: 'auth0|6224b5c30eac08007061fa31',
    provider: 'auth0',
    name: {},
    emails: [ { value: 'bartek.lenart95@gmail.com' } ],
    picture: 'https://s.gravatar.com/avatar/26b5b90364db2e73517c7be180f83ad5?s=480&r=pg&d=https%3A%2F%2Fcdn.auth0.com%2Favatars%2Fba.png',
    nickname: 'bartek.lenart95',
    _json: {
      sub: 'auth0|6224b5c30eac08007061fa31',
      nickname: 'bartek.lenart95',
      name: 'bartek.lenart95@gmail.com',
      picture: 'https://s.gravatar.com/avatar/26b5b90364db2e73517c7be180f83ad5?s=480&r=pg&d=https%3A%2F%2Fcdn.auth0.com%2Favatars%2Fba.png',
      updated_at: '2022-03-07T20:04:52.386Z',
      email: 'bartek.lenart95@gmail.com',
      email_verified: true
    },
    _raw: '{"sub":"auth0|6224b5c30eac08007061fa31","nickname":"bartek.lenart95","name":"bartek.lenart95@gmail.com","picture":"https://s.gravatar.com/avatar/26b5b90364db2e73517c7be180f83ad5?s=480&r=pg&d=https%3A%2F%2Fcdn.auth0.com%2Favatars%2Fba.png","updated_at":"2022-03-07T20:04:52.386Z","email":"bartek.lenart95@gmail.com","email_verified":true}'
  },
  level: 'info',
  timestamp: '2022-03-07T20:37:45.095Z'
}
{
  message: {
    displayName: 'bartek.lenart95@gmail.com',
    id: 'auth0|6224b5c30eac08007061fa31',
    user_id: 'auth0|6224b5c30eac08007061fa31',
    provider: 'auth0',
    name: {},
    emails: [ { value: 'bartek.lenart95@gmail.com' } ],
    picture: 'https://s.gravatar.com/avatar/26b5b90364db2e73517c7be180f83ad5?s=480&r=pg&d=https%3A%2F%2Fcdn.auth0.com%2Favatars%2Fba.png',
    nickname: 'bartek.lenart95',
    _json: {
      sub: 'auth0|6224b5c30eac08007061fa31',
      nickname: 'bartek.lenart95',
      name: 'bartek.lenart95@gmail.com',
      picture: 'https://s.gravatar.com/avatar/26b5b90364db2e73517c7be180f83ad5?s=480&r=pg&d=https%3A%2F%2Fcdn.auth0.com%2Favatars%2Fba.png',
      updated_at: '2022-03-07T20:04:52.386Z',
      email: 'bartek.lenart95@gmail.com',
      email_verified: true
    },
    _raw: '{"sub":"auth0|6224b5c30eac08007061fa31","nickname":"bartek.lenart95","name":"bartek.lenart95@gmail.com","picture":"https://s.gravatar.com/avatar/26b5b90364db2e73517c7be180f83ad5?s=480&r=pg&d=https%3A%2F%2Fcdn.auth0.com%2Favatars%2Fba.png","updated_at":"2022-03-07T20:04:52.386Z","email":"bartek.lenart95@gmail.com","email_verified":true}'
  },
  level: 'info',
  timestamp: '2022-03-07T20:37:45.165Z'
}
{
  message: 'Request GET /favicon.ico not found. Redirect to /api/v1/game',
  level: 'info',
  timestamp: '2022-03-07T20:37:45.169Z'
}
{
  message: {
    displayName: 'bartek.lenart95@gmail.com',
    id: 'auth0|6224b5c30eac08007061fa31',
    user_id: 'auth0|6224b5c30eac08007061fa31',
    provider: 'auth0',
    name: {},
    emails: [ { value: 'bartek.lenart95@gmail.com' } ],
    picture: 'https://s.gravatar.com/avatar/26b5b90364db2e73517c7be180f83ad5?s=480&r=pg&d=https%3A%2F%2Fcdn.auth0.com%2Favatars%2Fba.png',
    nickname: 'bartek.lenart95',
    _json: {
      sub: 'auth0|6224b5c30eac08007061fa31',
      nickname: 'bartek.lenart95',
      name: 'bartek.lenart95@gmail.com',
      picture: 'https://s.gravatar.com/avatar/26b5b90364db2e73517c7be180f83ad5?s=480&r=pg&d=https%3A%2F%2Fcdn.auth0.com%2Favatars%2Fba.png',
      updated_at: '2022-03-07T20:04:52.386Z',
      email: 'bartek.lenart95@gmail.com',
      email_verified: true
    },
    _raw: '{"sub":"auth0|6224b5c30eac08007061fa31","nickname":"bartek.lenart95","name":"bartek.lenart95@gmail.com","picture":"https://s.gravatar.com/avatar/26b5b90364db2e73517c7be180f83ad5?s=480&r=pg&d=https%3A%2F%2Fcdn.auth0.com%2Favatars%2Fba.png","updated_at":"2022-03-07T20:04:52.386Z","email":"bartek.lenart95@gmail.com","email_verified":true}'
  },
  level: 'info',
  timestamp: '2022-03-07T20:37:45.190Z'
}
{
  message: 'Running on http://localhost:3000/api/v1/game',
  level: 'info',
  timestamp: '2022-03-07T20:38:09.445Z'
}
{
  message: 'Database connection established successfully',
  level: 'info',
  timestamp: '2022-03-07T20:38:09.486Z'
}
{
  message: 'Running on http://localhost:3000/api/v1/game',
  level: 'info',
  timestamp: '2022-03-07T20:39:40.498Z'
}
{
  message: 'Database connection established successfully',
  level: 'info',
  timestamp: '2022-03-07T20:39:40.572Z'
}
{
  message: 'Running on http://localhost:3000/api/v1/game',
  level: 'info',
  timestamp: '2022-03-07T20:39:55.809Z'
}
{
  message: 'Database connection established successfully',
  level: 'info',
  timestamp: '2022-03-07T20:39:55.853Z'
}
{
  message: 'Running on http://localhost:3000/api/v1/game',
  level: 'info',
  timestamp: '2022-03-07T20:40:12.771Z'
}
{
  message: 'Database connection established successfully',
  level: 'info',
  timestamp: '2022-03-07T20:40:12.812Z'
}
{
  message: 'Running on http://localhost:3000/api/v1/game',
  level: 'info',
  timestamp: '2022-03-07T20:40:18.981Z'
}
{
  message: 'Database connection established successfully',
  level: 'info',
  timestamp: '2022-03-07T20:40:19.016Z'
}
{
  message: 'Running on http://localhost:3000/api/v1/game',
  level: 'info',
  timestamp: '2022-03-07T20:46:31.740Z'
}
{
  message: 'Database connection established successfully',
  level: 'info',
  timestamp: '2022-03-07T20:46:31.776Z'
}
{
  message: 'Running on http://localhost:3000/api/v1/game',
  level: 'info',
  timestamp: '2022-03-07T20:47:52.469Z'
}
{
  message: 'Database connection established successfully',
  level: 'info',
  timestamp: '2022-03-07T20:47:52.508Z'
}
{
  message: 'Running on http://localhost:3000/api/v1/game',
  level: 'info',
  timestamp: '2022-03-07T21:03:11.174Z'
}
{
  message: 'Database connection established successfully',
  level: 'info',
  timestamp: '2022-03-07T21:03:11.204Z'
}
{
  message: 'Running on http://localhost:3000/api/v1/game',
  level: 'info',
  timestamp: '2022-03-07T21:04:06.811Z'
}
{
  message: 'Database connection established successfully',
  level: 'info',
  timestamp: '2022-03-07T21:04:06.860Z'
}
{
  message: 'Running on http://localhost:3000/api/v1/game',
  level: 'info',
  timestamp: '2022-03-07T21:04:15.814Z'
}
{
  message: 'Database connection established successfully',
  level: 'info',
  timestamp: '2022-03-07T21:04:15.881Z'
}
{
  message: 'Running on http://localhost:3000/api/v1/game',
  level: 'info',
  timestamp: '2022-03-07T21:04:33.497Z'
}
{
  message: 'Database connection established successfully',
  level: 'info',
  timestamp: '2022-03-07T21:04:33.552Z'
}
{
  message: 'Running on http://localhost:3000/api/v1/game',
  level: 'info',
  timestamp: '2022-03-07T21:04:47.209Z'
}
{
  message: 'Database connection established successfully',
  level: 'info',
  timestamp: '2022-03-07T21:04:47.254Z'
}
{
  message: 'Running on http://localhost:3000/api/v1/game',
  level: 'info',
  timestamp: '2022-03-07T21:05:40.200Z'
}
{
  message: 'Database connection established successfully',
  level: 'info',
  timestamp: '2022-03-07T21:05:40.249Z'
}
{
  message: 'Running on http://localhost:3000/api/v1/game',
  level: 'info',
  timestamp: '2022-03-07T21:06:02.961Z'
}
{
  message: 'Database connection established successfully',
  level: 'info',
  timestamp: '2022-03-07T21:06:03.008Z'
}
{
  message: 'Running on http://localhost:3000/api/v1/game',
  level: 'info',
  timestamp: '2022-03-07T21:06:20.481Z'
}
{
  message: 'Database connection established successfully',
  level: 'info',
  timestamp: '2022-03-07T21:06:20.534Z'
}
{
  message: 'Running on http://localhost:3000/api/v1/game',
  level: 'info',
  timestamp: '2022-03-07T21:06:38.848Z'
}
{
  message: 'Database connection established successfully',
  level: 'info',
  timestamp: '2022-03-07T21:06:38.876Z'
}
{
  message: 'Running on http://localhost:3000/api/v1/game',
  level: 'info',
  timestamp: '2022-03-07T21:06:54.472Z'
}
{
  message: 'Database connection established successfully',
  level: 'info',
  timestamp: '2022-03-07T21:06:54.511Z'
}
{
  message: 'Running on http://localhost:3000/api/v1/game',
  level: 'info',
  timestamp: '2022-03-07T21:07:05.491Z'
}
{
  message: 'Database connection established successfully',
  level: 'info',
  timestamp: '2022-03-07T21:07:05.530Z'
}
{
  message: 'Running on http://localhost:3000/api/v1/game',
  level: 'info',
  timestamp: '2022-03-07T21:08:02.103Z'
}
{
  message: 'Database connection established successfully',
  level: 'info',
  timestamp: '2022-03-07T21:08:02.159Z'
}
{
  message: 'Running on http://localhost:3000/api/v1/game',
  level: 'info',
  timestamp: '2022-03-07T21:08:50.664Z'
}
{
  message: 'Database connection established successfully',
  level: 'info',
  timestamp: '2022-03-07T21:08:50.708Z'
}
{
  message: 'Running on http://localhost:3000/api/v1/game',
  level: 'info',
  timestamp: '2022-03-07T21:11:57.796Z'
}
{
  message: 'Database connection established successfully',
  level: 'info',
  timestamp: '2022-03-07T21:11:57.841Z'
}
{
  message: 'Running on http://localhost:3000/api/v1/game',
  level: 'info',
  timestamp: '2022-03-07T21:13:49.723Z'
}
{
  message: 'Database connection established successfully',
  level: 'info',
  timestamp: '2022-03-07T21:13:49.774Z'
}
{
  message: 'Running on http://localhost:3000/api/v1/game',
  level: 'info',
  timestamp: '2022-03-07T21:14:06.101Z'
}
{
  message: 'Database connection established successfully',
  level: 'info',
  timestamp: '2022-03-07T21:14:06.167Z'
}
{
  message: 'Running on http://localhost:3000/api/v1/game',
  level: 'info',
  timestamp: '2022-03-07T21:17:27.212Z'
}
{
  message: 'Database connection established successfully',
  level: 'info',
  timestamp: '2022-03-07T21:17:27.261Z'
}
{
  message: 'Running on http://localhost:3000/api/v1/game',
  level: 'info',
  timestamp: '2022-03-07T21:17:55.806Z'
}
{
  message: 'Database connection established successfully',
  level: 'info',
  timestamp: '2022-03-07T21:17:55.910Z'
}
{
  message: 'Running on http://localhost:3000/api/v1/game',
  level: 'info',
  timestamp: '2022-03-07T21:17:59.059Z'
}
{
  message: 'Running on http://localhost:3000/api/v1/game',
  level: 'info',
  timestamp: '2022-03-07T21:18:20.558Z'
}
{
  message: 'Database connection established successfully',
  level: 'info',
  timestamp: '2022-03-07T21:18:20.611Z'
}
{
  message: 'Running on http://localhost:3000/api/v1/game',
  level: 'info',
  timestamp: '2022-03-07T21:18:38.528Z'
}
{
  message: 'Database connection established successfully',
  level: 'info',
  timestamp: '2022-03-07T21:18:38.567Z'
}
{
  message: 'Running on http://localhost:3000/api/v1/game',
  level: 'info',
  timestamp: '2022-03-07T21:20:03.359Z'
}
{
  message: 'Database connection established successfully',
  level: 'info',
  timestamp: '2022-03-07T21:20:03.411Z'
}
{
  message: 'Running on http://localhost:3000/api/v1/game',
  level: 'info',
  timestamp: '2022-03-07T21:20:24.472Z'
}
{
  message: 'Database connection established successfully',
  level: 'info',
  timestamp: '2022-03-07T21:20:24.541Z'
}
